ncverilog: 15.20-s039: (c) Copyright 1995-2017 Cadence Design Systems, Inc.
TOOL:	ncverilog	15.20-s039: Started on Dec 29, 2023 at 16:03:21 CST
ncverilog
	cavlc_top_tb.sv
Recompiling... reason: file './cavlc_top_tb.sv' is newer than expected.
	expected: Fri Dec 29 16:01:36 2023
	actual:   Fri Dec 29 16:03:20 2023
file: cavlc_top_tb.sv
	module worklib.cavlc_top_tb:sv
		errors: 0, warnings: 0
		Caching library 'worklib' ....... Done
	Elaborating the design hierarchy:
ncelab: *W,DSEMEL: This SystemVerilog design will be simulated as per IEEE 1800-2009 SystemVerilog simulation semantics. Use -disable_sem2009 option for turning off SV 2009 simulation semantics.
    .TrailOneNum(Trail_CodeLength),
                                |
ncelab: *W,CUVMPW (../src/cavlc_top.sv,129|32): port sizes differ in port connection (4/2).
	Building instance overlay tables: .................... Done
	Generating native compiled code:
		worklib.cavlc_top_tb:sv <0x3d474ff4>
			streams:   8, words:  8809
	Building instance specific data structures.
	Loading native compiled code:     .................... Done
	Design hierarchy summary:
		               Instances  Unique
		Modules:              12      12
		Registers:           283     283
		Scalar wires:        145       -
		Vectored wires:      216       -
		Always blocks:        55      55
		Initial blocks:        1       1
		Cont. assignments:    98     135
		Pseudo assignments:   84      84
	Writing initial simulation snapshot: worklib.cavlc_top_tb:sv
Loading snapshot worklib.cavlc_top_tb:sv .................... Done
ncsim: *W,DSEM2009: This SystemVerilog design is simulated as per IEEE 1800-2009 SystemVerilog simulation semantics. Use -disable_sem2009 option for turning off SV 2009 simulation semantics.
ncsim> source /usr/cad/cadence/INCISIV/cur/tools/inca/files/ncsimrc
ncsim> run
cavlc_busy = x
cavlc_done = x
CodeBit = 0000000000000000000000000000000000000000000000000000000000000000
CodeLength =   0
 
cavlc_busy = 0
cavlc_done = 0
CodeBit = 0000000000000000000000000000000000000000000000000000000000000000
CodeLength =   0
 
cavlc_busy = 0
cavlc_done = 0
CodeBit = 0000000000000000000000000000000000000000000000000000000000000000
CodeLength =   0
 
cavlc_busy = 0
cavlc_done = 0
CodeBit = 0000000000000000000000000000000000000000000000000000000000000000
CodeLength =   0
 
cavlc_busy = 1
cavlc_done = 0
CodeBit = 0000000000000000000000000000000000000000000000000000000000000000
CodeLength =   0
 
cavlc_busy = 1
cavlc_done = 0
CodeBit = 0000000000000000000000000000000000000000000000000000000000000000
CodeLength =   0
 
cavlc_busy = 1
cavlc_done = 0
CodeBit = 0000000000000000000000000000000000000000000000000000000000000000
CodeLength =   0
 
cavlc_busy = 1
cavlc_done = 0
CodeBit = 0000000000000000000000000000000000000000000000000000000000000000
CodeLength =   0
 
cavlc_busy = 1
cavlc_done = 0
CodeBit = 0000000000000000000000000000000000000000000000000000000000000000
CodeLength =   0
 
cavlc_busy = 1
cavlc_done = 0
CodeBit = 0000000000000000000000000000000000000000000000000000000000000000
CodeLength =   0
 
cavlc_busy = 1
cavlc_done = 0
CodeBit = 0000000000000000000000000000000000000000000000000000000000000000
CodeLength =   0
 
cavlc_busy = 1
cavlc_done = 0
CodeBit = 0000000000000000000000000000000000000000000000000000000000000000
CodeLength =   0
 
cavlc_busy = 1
cavlc_done = 0
CodeBit = 0000000000000000000000000000000000000000000000000000000000000000
CodeLength =   0
 
cavlc_busy = 1
cavlc_done = 0
CodeBit = 0000000000000000000000000000000000000000000000000000000000000000
CodeLength =   0
 
cavlc_busy = 1
cavlc_done = 0
CodeBit = 0000000000000000000000000000000000000000000000000000000000000000
CodeLength =   0
 
cavlc_busy = 1
cavlc_done = 0
CodeBit = 0000000000000000000000000000000000000000000000000000000000000000
CodeLength =   0
 
cavlc_busy = 1
cavlc_done = 0
CodeBit = 0000000000000000000000000000000000000000000000000000000000000000
CodeLength =   0
 
cavlc_busy = 1
cavlc_done = 0
CodeBit = 0000000000000000000000000000000000000000000000000000000000000000
CodeLength =   0
 
cavlc_busy = 1
cavlc_done = 0
CodeBit = 0000000000000000000000000000000000000000000000000000000000000000
CodeLength =   0
 
cavlc_busy = 1
cavlc_done = 0
CodeBit = 0000000000000000000000000000000000000000000000000000000000000000
CodeLength =   0
 
cavlc_busy = 1
cavlc_done = 0
CodeBit = 0000000000000000000000000000000000000000000000000000000000000000
CodeLength =   0
 
cavlc_busy = 1
cavlc_done = 0
CodeBit = 0000000000000000000000000000000000000000000000000000000000000000
CodeLength =   0
 
cavlc_busy = 1
cavlc_done = 0
CodeBit = 0000000000000000000000000000000000000000000000000000000000000000
CodeLength =   0
 
cavlc_busy = 1
cavlc_done = 0
CodeBit = 0000000000000000000000000000000000000000000000000000000000000000
CodeLength =   0
 
cavlc_busy = 1
cavlc_done = 0
CodeBit = 0000000000000000000000000000000000000000000000000000000000000000
CodeLength =   0
 
cavlc_busy = 1
cavlc_done = 0
CodeBit = 0000000000000000000000000000000000000000000000000000000000000000
CodeLength =   0
 
cavlc_busy = 1
cavlc_done = 0
CodeBit = 0000000000000000000000000000000000000000000000000000000000000000
CodeLength =   0
 
cavlc_busy = 1
cavlc_done = 0
CodeBit = 0000000000000000000000000000000000000000000000000000000000000000
CodeLength =   0
 
cavlc_busy = 1
cavlc_done = 0
CodeBit = 0000000000000000000000000000000000000000000000000000000000000000
CodeLength =   0
 
cavlc_busy = 1
cavlc_done = 0
CodeBit = 0000000000000000000000000000000000000000000000000000000000000000
CodeLength =   0
 
cavlc_busy = 1
cavlc_done = 0
CodeBit = 0000000000000000000000000000000000000000000000000000000000000000
CodeLength =   0
 
cavlc_busy = 1
cavlc_done = 0
CodeBit = 0000000000000000000000000000000000000000000000000000000000000000
CodeLength =   0
 
cavlc_busy = 1
cavlc_done = 0
CodeBit = 0000000000000000000000000000000000000000000000000000000000000000
CodeLength =   0
 
cavlc_busy = 1
cavlc_done = 0
CodeBit = 0000000000000000000000000000000000000000000000000000000000000000
CodeLength =   0
 
cavlc_busy = 1
cavlc_done = 0
CodeBit = 0000000000000000000000000000000000000000000000000000000000000000
CodeLength =   0
 
cavlc_busy = 1
cavlc_done = 0
CodeBit = 0000000000000000000000000000000000000000000000000000000000000000
CodeLength =   0
 
cavlc_busy = 1
cavlc_done = 0
CodeBit = 0000000000000000000000000000000000000000000000000000000000000000
CodeLength =   0
 
cavlc_busy = 1
cavlc_done = 0
CodeBit = 0000000000000000000000000000000000000000000000000000000000000000
CodeLength =   0
 
cavlc_busy = 1
cavlc_done = 0
CodeBit = 0000000000000000000000000000000000000000000000000000000000000000
CodeLength =   0
 
cavlc_busy = 1
cavlc_done = 0
CodeBit = 0000000000000000000000000000000000000000000000000000000000000000
CodeLength =   0
 
cavlc_busy = 1
cavlc_done = 0
CodeBit = 0000000000000000000000000000000000000000000000000000000000000000
CodeLength =   0
 
cavlc_busy = 1
cavlc_done = 0
CodeBit = 0000000000000000000000000000000000000000000000000000000000000000
CodeLength =   0
 
cavlc_busy = 1
cavlc_done = 0
CodeBit = 0000000000000000000000000000000000000000000000000000000000000000
CodeLength =   0
 
cavlc_busy = 1
cavlc_done = 0
CodeBit = 0000000000000000000000000000000000000000000000000000000000000000
CodeLength =   0
 
cavlc_busy = 1
cavlc_done = 0
CodeBit = 0000000000000000000000000000000000000000000000000000000000000000
CodeLength =   0
 
cavlc_busy = 1
cavlc_done = 0
CodeBit = 0000000000000000000000000000000000000000000000000000000000000000
CodeLength =   0
 
cavlc_busy = 1
cavlc_done = 0
CodeBit = 0000000000000000000000000000000000000000000000000000000000000000
CodeLength =   0
 
cavlc_busy = 1
cavlc_done = 0
CodeBit = 0000000000000000000000000000000000000000000000000000000000000000
CodeLength =   0
 
cavlc_busy = 1
cavlc_done = 0
CodeBit = 0000000000000000000000000000000000000000000000000000000000000000
CodeLength =   0
 
cavlc_busy = 1
cavlc_done = 0
CodeBit = 0000000000000000000000000000000000000000000000000000000000000000
CodeLength =   0
 
cavlc_busy = 1
cavlc_done = 0
CodeBit = 0000000000000000000000000000000000000000000000000000000000000000
CodeLength =   0
 
cavlc_busy = 1
cavlc_done = 0
CodeBit = 0000000000000000000000000000000000000000000000000000000000000000
CodeLength =   0
 
cavlc_busy = 1
cavlc_done = 0
CodeBit = 0000000000000000000000000000000000000000000000000000000000000000
CodeLength =   0
 
cavlc_busy = 1
cavlc_done = 0
CodeBit = 0000000000000000000000000000000000000000000000000000000000000000
CodeLength =   0
 
cavlc_busy = 1
cavlc_done = 0
CodeBit = 0000000000000000000000000000000000000000000000000000000000000000
CodeLength =   0
 
cavlc_busy = 1
cavlc_done = 0
CodeBit = 0000000000000000000000000000000000000000000000000000000000000000
CodeLength =   0
 
cavlc_busy = 1
cavlc_done = 0
CodeBit = 0000000000000000000000000000000000000000000000000000000000000000
CodeLength =   0
 
cavlc_busy = 1
cavlc_done = 0
CodeBit = 0000000000000000000000000000000000000000000000000000000000000000
CodeLength =   0
 
cavlc_busy = 1
cavlc_done = 0
CodeBit = 0000000000000000000000000000000000000000000000000000000000000000
CodeLength =   0
 
cavlc_busy = 1
cavlc_done = 0
CodeBit = 0000000000000000000000000000000000000000000000000000000000000000
CodeLength =   0
 
cavlc_busy = 1
cavlc_done = 0
CodeBit = 0000000000000000000000000000000000000000000000000000000000000000
CodeLength =   0
 
cavlc_busy = 1
cavlc_done = 0
CodeBit = 0000000000000000000000000000000000000000000000000000000000000000
CodeLength =   0
 
cavlc_busy = 1
cavlc_done = 0
CodeBit = 0000000000000000000000000000000000000000000000000000000000000000
CodeLength =   0
 
cavlc_busy = 1
cavlc_done = 0
CodeBit = 0000000000000000000000000000000000000000000000000000000000000000
CodeLength =   0
 
cavlc_busy = 1
cavlc_done = 0
CodeBit = 0000000000000000000000000000000000000000000000000000000000000000
CodeLength =   0
 
cavlc_busy = 1
cavlc_done = 0
CodeBit = 0000000000000000000000000000000000000000000000000000000000000000
CodeLength =   0
 
cavlc_busy = 1
cavlc_done = 0
CodeBit = 0000000000000000000000000000000000000000000000000000000000000000
CodeLength =   0
 
cavlc_busy = 1
cavlc_done = 0
CodeBit = 0000000000000000000000000000000000000000000000000000000000000000
CodeLength =   0
 
cavlc_busy = 1
cavlc_done = 0
CodeBit = 0000000000000000000000000000000000000000000000000000000000000000
CodeLength =   0
 
cavlc_busy = 1
cavlc_done = 0
CodeBit = 0000000000000000000000000000000000000000000000000000000000000000
CodeLength =   0
 
cavlc_busy = 1
cavlc_done = 0
CodeBit = 0000000000000000000000000000000000000000000000000000000000000000
CodeLength =   0
 
cavlc_busy = 1
cavlc_done = 0
CodeBit = 0000000000000000000000000000000000000000000000000000000000000000
CodeLength =   0
 
cavlc_busy = 1
cavlc_done = 0
CodeBit = 0000000000000000000000000000000000000000000000000000000000000000
CodeLength =   0
 
cavlc_busy = 1
cavlc_done = 0
CodeBit = 0000000000000000000000000000000000000000000000000000000000000000
CodeLength =   0
 
cavlc_busy = 1
cavlc_done = 0
CodeBit = 0000000000000000000000000000000000000000000000000000000000000000
CodeLength =   0
 
Simulation complete via $finish(1) at time 750 NS + 0
./cavlc_top_tb.sv:125     #700 $finish;
ncsim> exit
TOOL:	ncverilog	15.20-s039: Exiting on Dec 29, 2023 at 16:04:33 CST  (total: 00:01:12)
